2019-07-12 17:46:58,063 System arguements for hash check invalid dfs, -77.5058, 37.6686, -77.3217
Traceback (most recent call last):
  File "/home/nightt/flask_server/app/routes.py", line 105, in hashreturn
    loc = str(request.args['location']).lower()
  File "/usr/local/lib/python3.6/dist-packages/werkzeug/datastructures.py", line 442, in __getitem__
    raise exceptions.BadRequestKeyError(key)
werkzeug.exceptions.HTTPException.wrap.<locals>.newcls: 400 Bad Request: The browser (or proxy) sent a request that this server could not understand.

During handling of the above exception, another exception occurred:

Traceback (most recent call last):
  File "/home/nightt/flask_server/app/routes.py", line 114, in hashreturn
    input_Value = [round(double(request.args['minLat']), degreeRound), round(double(request.args['minLon']), degreeRound), round(double(request.args['maxLat']), degreeRound), round(double(request.args['maxLon']), degreeRound)]
NameError: name 'double' is not defined
2019-07-12 17:46:58,067 System arguements invalid ImmutableMultiDict([('minLon', '-77.5058'), ('minLat', 'dfs'), ('maxLon', '-77.3217'), ('maxLat', '37.6686'), ('level', 'primary')])
Traceback (most recent call last):
  File "/home/nightt/flask_server/app/routes.py", line 78, in coordsInput
    input_Value = [round(double(request.args['minLat']), degreeRound), round(double(request.args['minLon']), degreeRound), round(double(request.args['maxLat']), degreeRound), round(double(request.args['maxLon']), degreeRound)]
NameError: name 'double' is not defined
2019-07-12 17:46:58,071 System arguements invalid ImmutableMultiDict([('minLon', '-77.5058'), ('minLat', 'dfs'), ('maxLon', '-77.3217'), ('maxLat', '37.6686'), ('level', 'primary')])
Traceback (most recent call last):
  File "/home/nightt/flask_server/app/routes.py", line 78, in coordsInput
    input_Value = [round(double(request.args['minLat']), degreeRound), round(double(request.args['minLon']), degreeRound), round(double(request.args['maxLat']), degreeRound), round(double(request.args['maxLon']), degreeRound)]
NameError: name 'double' is not defined
2019-07-12 17:46:58,474 System arguements for hash check invalid 37.4054, -77.5158, 37.6686, -77.3317
Traceback (most recent call last):
  File "/home/nightt/flask_server/app/routes.py", line 105, in hashreturn
    loc = str(request.args['location']).lower()
  File "/usr/local/lib/python3.6/dist-packages/werkzeug/datastructures.py", line 442, in __getitem__
    raise exceptions.BadRequestKeyError(key)
werkzeug.exceptions.HTTPException.wrap.<locals>.newcls: 400 Bad Request: The browser (or proxy) sent a request that this server could not understand.

During handling of the above exception, another exception occurred:

Traceback (most recent call last):
  File "/home/nightt/flask_server/app/routes.py", line 114, in hashreturn
    input_Value = [round(double(request.args['minLat']), degreeRound), round(double(request.args['minLon']), degreeRound), round(double(request.args['maxLat']), degreeRound), round(double(request.args['maxLon']), degreeRound)]
NameError: name 'double' is not defined
2019-07-12 17:46:58,478 System arguements invalid ImmutableMultiDict([('minLon', '-77.5158'), ('minLat', '37.4054'), ('maxLon', '-77.3317'), ('maxLat', '37.6686'), ('level', 'primary')])
Traceback (most recent call last):
  File "/home/nightt/flask_server/app/routes.py", line 78, in coordsInput
    input_Value = [round(double(request.args['minLat']), degreeRound), round(double(request.args['minLon']), degreeRound), round(double(request.args['maxLat']), degreeRound), round(double(request.args['maxLon']), degreeRound)]
NameError: name 'double' is not defined
2019-07-12 17:46:58,481 System arguements invalid ImmutableMultiDict([('minLon', '-77.5158'), ('minLat', '37.4054'), ('maxLon', '-77.3317'), ('maxLat', '37.6686'), ('level', 'primary')])
Traceback (most recent call last):
  File "/home/nightt/flask_server/app/routes.py", line 78, in coordsInput
    input_Value = [round(double(request.args['minLat']), degreeRound), round(double(request.args['minLon']), degreeRound), round(double(request.args['maxLat']), degreeRound), round(double(request.args['maxLon']), degreeRound)]
NameError: name 'double' is not defined
2019-07-12 17:46:58,658 System arguements for hash check invalid 37.4054, -77.5258, 37.6686, -77.3417
Traceback (most recent call last):
  File "/home/nightt/flask_server/app/routes.py", line 105, in hashreturn
    loc = str(request.args['location']).lower()
  File "/usr/local/lib/python3.6/dist-packages/werkzeug/datastructures.py", line 442, in __getitem__
    raise exceptions.BadRequestKeyError(key)
werkzeug.exceptions.HTTPException.wrap.<locals>.newcls: 400 Bad Request: The browser (or proxy) sent a request that this server could not understand.

During handling of the above exception, another exception occurred:

Traceback (most recent call last):
  File "/home/nightt/flask_server/app/routes.py", line 114, in hashreturn
    input_Value = [round(double(request.args['minLat']), degreeRound), round(double(request.args['minLon']), degreeRound), round(double(request.args['maxLat']), degreeRound), round(double(request.args['maxLon']), degreeRound)]
NameError: name 'double' is not defined
2019-07-12 17:46:58,661 System arguements invalid ImmutableMultiDict([('minLon', '-77.5258'), ('minLat', '37.4054'), ('maxLon', '-77.3417'), ('maxLat', '37.6686'), ('level', 'primary')])
Traceback (most recent call last):
  File "/home/nightt/flask_server/app/routes.py", line 78, in coordsInput
    input_Value = [round(double(request.args['minLat']), degreeRound), round(double(request.args['minLon']), degreeRound), round(double(request.args['maxLat']), degreeRound), round(double(request.args['maxLon']), degreeRound)]
NameError: name 'double' is not defined
2019-07-12 17:46:58,664 System arguements invalid ImmutableMultiDict([('minLon', '-77.5258'), ('minLat', '37.4054'), ('maxLon', '-77.3417'), ('maxLat', '37.6686'), ('level', 'primary')])
Traceback (most recent call last):
  File "/home/nightt/flask_server/app/routes.py", line 78, in coordsInput
    input_Value = [round(double(request.args['minLat']), degreeRound), round(double(request.args['minLon']), degreeRound), round(double(request.args['maxLat']), degreeRound), round(double(request.args['maxLon']), degreeRound)]
NameError: name 'double' is not defined
2019-07-12 17:46:58,853 System arguements for hash check invalid 37.4054, -77.5358, 37.6686, -77.3517
Traceback (most recent call last):
  File "/home/nightt/flask_server/app/routes.py", line 105, in hashreturn
    loc = str(request.args['location']).lower()
  File "/usr/local/lib/python3.6/dist-packages/werkzeug/datastructures.py", line 442, in __getitem__
    raise exceptions.BadRequestKeyError(key)
werkzeug.exceptions.HTTPException.wrap.<locals>.newcls: 400 Bad Request: The browser (or proxy) sent a request that this server could not understand.

During handling of the above exception, another exception occurred:

Traceback (most recent call last):
  File "/home/nightt/flask_server/app/routes.py", line 114, in hashreturn
    input_Value = [round(double(request.args['minLat']), degreeRound), round(double(request.args['minLon']), degreeRound), round(double(request.args['maxLat']), degreeRound), round(double(request.args['maxLon']), degreeRound)]
NameError: name 'double' is not defined
2019-07-12 17:46:58,856 System arguements invalid ImmutableMultiDict([('minLon', '-77.5358'), ('minLat', '37.4054'), ('maxLon', '-77.3517'), ('maxLat', '37.6686'), ('level', 'primary')])
Traceback (most recent call last):
  File "/home/nightt/flask_server/app/routes.py", line 78, in coordsInput
    input_Value = [round(double(request.args['minLat']), degreeRound), round(double(request.args['minLon']), degreeRound), round(double(request.args['maxLat']), degreeRound), round(double(request.args['maxLon']), degreeRound)]
NameError: name 'double' is not defined
2019-07-12 17:46:58,860 System arguements invalid ImmutableMultiDict([('minLon', '-77.5358'), ('minLat', '37.4054'), ('maxLon', '-77.3517'), ('maxLat', '37.6686'), ('level', 'primary')])
Traceback (most recent call last):
  File "/home/nightt/flask_server/app/routes.py", line 78, in coordsInput
    input_Value = [round(double(request.args['minLat']), degreeRound), round(double(request.args['minLon']), degreeRound), round(double(request.args['maxLat']), degreeRound), round(double(request.args['maxLon']), degreeRound)]
NameError: name 'double' is not defined
2019-07-12 17:46:59,045 System arguements for hash check invalid 37.4054, -77.5458, 37.6686, -77.3617
Traceback (most recent call last):
  File "/home/nightt/flask_server/app/routes.py", line 105, in hashreturn
    loc = str(request.args['location']).lower()
  File "/usr/local/lib/python3.6/dist-packages/werkzeug/datastructures.py", line 442, in __getitem__
    raise exceptions.BadRequestKeyError(key)
werkzeug.exceptions.HTTPException.wrap.<locals>.newcls: 400 Bad Request: The browser (or proxy) sent a request that this server could not understand.

During handling of the above exception, another exception occurred:

Traceback (most recent call last):
  File "/home/nightt/flask_server/app/routes.py", line 114, in hashreturn
    input_Value = [round(double(request.args['minLat']), degreeRound), round(double(request.args['minLon']), degreeRound), round(double(request.args['maxLat']), degreeRound), round(double(request.args['maxLon']), degreeRound)]
NameError: name 'double' is not defined
2019-07-12 17:46:59,048 System arguements invalid ImmutableMultiDict([('minLon', '-77.5458'), ('minLat', '37.4054'), ('maxLon', '-77.3617'), ('maxLat', '37.6686'), ('level', 'primary')])
Traceback (most recent call last):
  File "/home/nightt/flask_server/app/routes.py", line 78, in coordsInput
    input_Value = [round(double(request.args['minLat']), degreeRound), round(double(request.args['minLon']), degreeRound), round(double(request.args['maxLat']), degreeRound), round(double(request.args['maxLon']), degreeRound)]
NameError: name 'double' is not defined
2019-07-12 17:46:59,052 System arguements invalid ImmutableMultiDict([('minLon', '-77.5458'), ('minLat', '37.4054'), ('maxLon', '-77.3617'), ('maxLat', '37.6686'), ('level', 'primary')])
Traceback (most recent call last):
  File "/home/nightt/flask_server/app/routes.py", line 78, in coordsInput
    input_Value = [round(double(request.args['minLat']), degreeRound), round(double(request.args['minLon']), degreeRound), round(double(request.args['maxLat']), degreeRound), round(double(request.args['maxLon']), degreeRound)]
NameError: name 'double' is not defined
2019-07-12 17:46:59,255 System arguements for hash check invalid 37.4054, -77.5558, 37.6686, -77.3717
Traceback (most recent call last):
  File "/home/nightt/flask_server/app/routes.py", line 105, in hashreturn
    loc = str(request.args['location']).lower()
  File "/usr/local/lib/python3.6/dist-packages/werkzeug/datastructures.py", line 442, in __getitem__
    raise exceptions.BadRequestKeyError(key)
werkzeug.exceptions.HTTPException.wrap.<locals>.newcls: 400 Bad Request: The browser (or proxy) sent a request that this server could not understand.

During handling of the above exception, another exception occurred:

Traceback (most recent call last):
  File "/home/nightt/flask_server/app/routes.py", line 114, in hashreturn
    input_Value = [round(double(request.args['minLat']), degreeRound), round(double(request.args['minLon']), degreeRound), round(double(request.args['maxLat']), degreeRound), round(double(request.args['maxLon']), degreeRound)]
NameError: name 'double' is not defined
2019-07-12 17:46:59,258 System arguements invalid ImmutableMultiDict([('minLon', '-77.5558'), ('minLat', '37.4054'), ('maxLon', '-77.3717'), ('maxLat', '37.6686'), ('level', 'primary')])
Traceback (most recent call last):
  File "/home/nightt/flask_server/app/routes.py", line 78, in coordsInput
    input_Value = [round(double(request.args['minLat']), degreeRound), round(double(request.args['minLon']), degreeRound), round(double(request.args['maxLat']), degreeRound), round(double(request.args['maxLon']), degreeRound)]
NameError: name 'double' is not defined
2019-07-12 17:46:59,261 System arguements invalid ImmutableMultiDict([('minLon', '-77.5558'), ('minLat', '37.4054'), ('maxLon', '-77.3717'), ('maxLat', '37.6686'), ('level', 'primary')])
Traceback (most recent call last):
  File "/home/nightt/flask_server/app/routes.py", line 78, in coordsInput
    input_Value = [round(double(request.args['minLat']), degreeRound), round(double(request.args['minLon']), degreeRound), round(double(request.args['maxLat']), degreeRound), round(double(request.args['maxLon']), degreeRound)]
NameError: name 'double' is not defined
2019-07-12 17:46:59,530 System arguements for hash check invalid 37.4054, -77.5658, 37.6686, -77.3817
Traceback (most recent call last):
  File "/home/nightt/flask_server/app/routes.py", line 105, in hashreturn
    loc = str(request.args['location']).lower()
  File "/usr/local/lib/python3.6/dist-packages/werkzeug/datastructures.py", line 442, in __getitem__
    raise exceptions.BadRequestKeyError(key)
werkzeug.exceptions.HTTPException.wrap.<locals>.newcls: 400 Bad Request: The browser (or proxy) sent a request that this server could not understand.

During handling of the above exception, another exception occurred:

Traceback (most recent call last):
  File "/home/nightt/flask_server/app/routes.py", line 114, in hashreturn
    input_Value = [round(double(request.args['minLat']), degreeRound), round(double(request.args['minLon']), degreeRound), round(double(request.args['maxLat']), degreeRound), round(double(request.args['maxLon']), degreeRound)]
NameError: name 'double' is not defined
2019-07-12 17:46:59,534 System arguements invalid ImmutableMultiDict([('minLon', '-77.5658'), ('minLat', '37.4054'), ('maxLon', '-77.3817'), ('maxLat', '37.6686'), ('level', 'primary')])
Traceback (most recent call last):
  File "/home/nightt/flask_server/app/routes.py", line 78, in coordsInput
    input_Value = [round(double(request.args['minLat']), degreeRound), round(double(request.args['minLon']), degreeRound), round(double(request.args['maxLat']), degreeRound), round(double(request.args['maxLon']), degreeRound)]
NameError: name 'double' is not defined
2019-07-12 17:46:59,541 System arguements invalid ImmutableMultiDict([('minLon', '-77.5658'), ('minLat', '37.4054'), ('maxLon', '-77.3817'), ('maxLat', '37.6686'), ('level', 'primary')])
Traceback (most recent call last):
  File "/home/nightt/flask_server/app/routes.py", line 78, in coordsInput
    input_Value = [round(double(request.args['minLat']), degreeRound), round(double(request.args['minLon']), degreeRound), round(double(request.args['maxLat']), degreeRound), round(double(request.args['maxLon']), degreeRound)]
NameError: name 'double' is not defined
2019-07-12 17:46:59,739 System arguements for hash check invalid 37.4054, -77.5758, 37.6686, -77.3917
Traceback (most recent call last):
  File "/home/nightt/flask_server/app/routes.py", line 105, in hashreturn
    loc = str(request.args['location']).lower()
  File "/usr/local/lib/python3.6/dist-packages/werkzeug/datastructures.py", line 442, in __getitem__
    raise exceptions.BadRequestKeyError(key)
werkzeug.exceptions.HTTPException.wrap.<locals>.newcls: 400 Bad Request: The browser (or proxy) sent a request that this server could not understand.

During handling of the above exception, another exception occurred:

Traceback (most recent call last):
  File "/home/nightt/flask_server/app/routes.py", line 114, in hashreturn
    input_Value = [round(double(request.args['minLat']), degreeRound), round(double(request.args['minLon']), degreeRound), round(double(request.args['maxLat']), degreeRound), round(double(request.args['maxLon']), degreeRound)]
NameError: name 'double' is not defined
2019-07-12 17:46:59,743 System arguements invalid ImmutableMultiDict([('minLon', '-77.5758'), ('minLat', '37.4054'), ('maxLon', '-77.3917'), ('maxLat', '37.6686'), ('level', 'primary')])
Traceback (most recent call last):
  File "/home/nightt/flask_server/app/routes.py", line 78, in coordsInput
    input_Value = [round(double(request.args['minLat']), degreeRound), round(double(request.args['minLon']), degreeRound), round(double(request.args['maxLat']), degreeRound), round(double(request.args['maxLon']), degreeRound)]
NameError: name 'double' is not defined
2019-07-12 17:46:59,746 System arguements invalid ImmutableMultiDict([('minLon', '-77.5758'), ('minLat', '37.4054'), ('maxLon', '-77.3917'), ('maxLat', '37.6686'), ('level', 'primary')])
Traceback (most recent call last):
  File "/home/nightt/flask_server/app/routes.py", line 78, in coordsInput
    input_Value = [round(double(request.args['minLat']), degreeRound), round(double(request.args['minLon']), degreeRound), round(double(request.args['maxLat']), degreeRound), round(double(request.args['maxLon']), degreeRound)]
NameError: name 'double' is not defined
2019-07-12 17:46:59,937 System arguements for hash check invalid 37.4054, -77.5858, 37.6686, -77.4017
Traceback (most recent call last):
  File "/home/nightt/flask_server/app/routes.py", line 105, in hashreturn
    loc = str(request.args['location']).lower()
  File "/usr/local/lib/python3.6/dist-packages/werkzeug/datastructures.py", line 442, in __getitem__
    raise exceptions.BadRequestKeyError(key)
werkzeug.exceptions.HTTPException.wrap.<locals>.newcls: 400 Bad Request: The browser (or proxy) sent a request that this server could not understand.

During handling of the above exception, another exception occurred:

Traceback (most recent call last):
  File "/home/nightt/flask_server/app/routes.py", line 114, in hashreturn
    input_Value = [round(double(request.args['minLat']), degreeRound), round(double(request.args['minLon']), degreeRound), round(double(request.args['maxLat']), degreeRound), round(double(request.args['maxLon']), degreeRound)]
NameError: name 'double' is not defined
2019-07-12 17:46:59,940 System arguements invalid ImmutableMultiDict([('minLon', '-77.5858'), ('minLat', '37.4054'), ('maxLon', '-77.4017'), ('maxLat', '37.6686'), ('level', 'primary')])
Traceback (most recent call last):
  File "/home/nightt/flask_server/app/routes.py", line 78, in coordsInput
    input_Value = [round(double(request.args['minLat']), degreeRound), round(double(request.args['minLon']), degreeRound), round(double(request.args['maxLat']), degreeRound), round(double(request.args['maxLon']), degreeRound)]
NameError: name 'double' is not defined
2019-07-12 17:46:59,943 System arguements invalid ImmutableMultiDict([('minLon', '-77.5858'), ('minLat', '37.4054'), ('maxLon', '-77.4017'), ('maxLat', '37.6686'), ('level', 'primary')])
Traceback (most recent call last):
  File "/home/nightt/flask_server/app/routes.py", line 78, in coordsInput
    input_Value = [round(double(request.args['minLat']), degreeRound), round(double(request.args['minLon']), degreeRound), round(double(request.args['maxLat']), degreeRound), round(double(request.args['maxLon']), degreeRound)]
NameError: name 'double' is not defined
2019-07-12 17:47:00,142 System arguements for hash check invalid 37.4054, -77.5958, 37.6686, -77.4117
Traceback (most recent call last):
  File "/home/nightt/flask_server/app/routes.py", line 105, in hashreturn
    loc = str(request.args['location']).lower()
  File "/usr/local/lib/python3.6/dist-packages/werkzeug/datastructures.py", line 442, in __getitem__
    raise exceptions.BadRequestKeyError(key)
werkzeug.exceptions.HTTPException.wrap.<locals>.newcls: 400 Bad Request: The browser (or proxy) sent a request that this server could not understand.

During handling of the above exception, another exception occurred:

Traceback (most recent call last):
  File "/home/nightt/flask_server/app/routes.py", line 114, in hashreturn
    input_Value = [round(double(request.args['minLat']), degreeRound), round(double(request.args['minLon']), degreeRound), round(double(request.args['maxLat']), degreeRound), round(double(request.args['maxLon']), degreeRound)]
NameError: name 'double' is not defined
2019-07-12 17:47:00,146 System arguements invalid ImmutableMultiDict([('minLon', '-77.5958'), ('minLat', '37.4054'), ('maxLon', '-77.4117'), ('maxLat', '37.6686'), ('level', 'primary')])
Traceback (most recent call last):
  File "/home/nightt/flask_server/app/routes.py", line 78, in coordsInput
    input_Value = [round(double(request.args['minLat']), degreeRound), round(double(request.args['minLon']), degreeRound), round(double(request.args['maxLat']), degreeRound), round(double(request.args['maxLon']), degreeRound)]
NameError: name 'double' is not defined
2019-07-12 17:47:00,149 System arguements invalid ImmutableMultiDict([('minLon', '-77.5958'), ('minLat', '37.4054'), ('maxLon', '-77.4117'), ('maxLat', '37.6686'), ('level', 'primary')])
Traceback (most recent call last):
  File "/home/nightt/flask_server/app/routes.py", line 78, in coordsInput
    input_Value = [round(double(request.args['minLat']), degreeRound), round(double(request.args['minLon']), degreeRound), round(double(request.args['maxLat']), degreeRound), round(double(request.args['maxLon']), degreeRound)]
NameError: name 'double' is not defined
2019-07-12 17:47:00,351 System arguements for hash check invalid 37.4054, -77.6058, 37.6686, -77.4217
Traceback (most recent call last):
  File "/home/nightt/flask_server/app/routes.py", line 105, in hashreturn
    loc = str(request.args['location']).lower()
  File "/usr/local/lib/python3.6/dist-packages/werkzeug/datastructures.py", line 442, in __getitem__
    raise exceptions.BadRequestKeyError(key)
werkzeug.exceptions.HTTPException.wrap.<locals>.newcls: 400 Bad Request: The browser (or proxy) sent a request that this server could not understand.

During handling of the above exception, another exception occurred:

Traceback (most recent call last):
  File "/home/nightt/flask_server/app/routes.py", line 114, in hashreturn
    input_Value = [round(double(request.args['minLat']), degreeRound), round(double(request.args['minLon']), degreeRound), round(double(request.args['maxLat']), degreeRound), round(double(request.args['maxLon']), degreeRound)]
NameError: name 'double' is not defined
2019-07-12 17:47:00,354 System arguements invalid ImmutableMultiDict([('minLon', '-77.6058'), ('minLat', '37.4054'), ('maxLon', '-77.4217'), ('maxLat', '37.6686'), ('level', 'primary')])
Traceback (most recent call last):
  File "/home/nightt/flask_server/app/routes.py", line 78, in coordsInput
    input_Value = [round(double(request.args['minLat']), degreeRound), round(double(request.args['minLon']), degreeRound), round(double(request.args['maxLat']), degreeRound), round(double(request.args['maxLon']), degreeRound)]
NameError: name 'double' is not defined
2019-07-12 17:47:00,358 System arguements invalid ImmutableMultiDict([('minLon', '-77.6058'), ('minLat', '37.4054'), ('maxLon', '-77.4217'), ('maxLat', '37.6686'), ('level', 'primary')])
Traceback (most recent call last):
  File "/home/nightt/flask_server/app/routes.py", line 78, in coordsInput
    input_Value = [round(double(request.args['minLat']), degreeRound), round(double(request.args['minLon']), degreeRound), round(double(request.args['maxLat']), degreeRound), round(double(request.args['maxLon']), degreeRound)]
NameError: name 'double' is not defined
2019-07-12 17:47:00,562 System arguements for hash check invalid 37.4054, -77.6158, 37.6686, -77.4317
Traceback (most recent call last):
  File "/home/nightt/flask_server/app/routes.py", line 105, in hashreturn
    loc = str(request.args['location']).lower()
  File "/usr/local/lib/python3.6/dist-packages/werkzeug/datastructures.py", line 442, in __getitem__
    raise exceptions.BadRequestKeyError(key)
werkzeug.exceptions.HTTPException.wrap.<locals>.newcls: 400 Bad Request: The browser (or proxy) sent a request that this server could not understand.

During handling of the above exception, another exception occurred:

Traceback (most recent call last):
  File "/home/nightt/flask_server/app/routes.py", line 114, in hashreturn
    input_Value = [round(double(request.args['minLat']), degreeRound), round(double(request.args['minLon']), degreeRound), round(double(request.args['maxLat']), degreeRound), round(double(request.args['maxLon']), degreeRound)]
NameError: name 'double' is not defined
2019-07-12 17:47:00,565 System arguements invalid ImmutableMultiDict([('minLon', '-77.6158'), ('minLat', '37.4054'), ('maxLon', '-77.4317'), ('maxLat', '37.6686'), ('level', 'primary')])
Traceback (most recent call last):
  File "/home/nightt/flask_server/app/routes.py", line 78, in coordsInput
    input_Value = [round(double(request.args['minLat']), degreeRound), round(double(request.args['minLon']), degreeRound), round(double(request.args['maxLat']), degreeRound), round(double(request.args['maxLon']), degreeRound)]
NameError: name 'double' is not defined
2019-07-12 17:47:00,568 System arguements invalid ImmutableMultiDict([('minLon', '-77.6158'), ('minLat', '37.4054'), ('maxLon', '-77.4317'), ('maxLat', '37.6686'), ('level', 'primary')])
Traceback (most recent call last):
  File "/home/nightt/flask_server/app/routes.py", line 78, in coordsInput
    input_Value = [round(double(request.args['minLat']), degreeRound), round(double(request.args['minLon']), degreeRound), round(double(request.args['maxLat']), degreeRound), round(double(request.args['maxLon']), degreeRound)]
NameError: name 'double' is not defined
2019-07-12 17:47:00,756 System arguements for hash check invalid 37.4054, -77.6258, 37.6686, -77.4417
Traceback (most recent call last):
  File "/home/nightt/flask_server/app/routes.py", line 105, in hashreturn
    loc = str(request.args['location']).lower()
  File "/usr/local/lib/python3.6/dist-packages/werkzeug/datastructures.py", line 442, in __getitem__
    raise exceptions.BadRequestKeyError(key)
werkzeug.exceptions.HTTPException.wrap.<locals>.newcls: 400 Bad Request: The browser (or proxy) sent a request that this server could not understand.

During handling of the above exception, another exception occurred:

Traceback (most recent call last):
  File "/home/nightt/flask_server/app/routes.py", line 114, in hashreturn
    input_Value = [round(double(request.args['minLat']), degreeRound), round(double(request.args['minLon']), degreeRound), round(double(request.args['maxLat']), degreeRound), round(double(request.args['maxLon']), degreeRound)]
NameError: name 'double' is not defined
2019-07-12 17:47:00,760 System arguements invalid ImmutableMultiDict([('minLon', '-77.6258'), ('minLat', '37.4054'), ('maxLon', '-77.4417'), ('maxLat', '37.6686'), ('level', 'primary')])
Traceback (most recent call last):
  File "/home/nightt/flask_server/app/routes.py", line 78, in coordsInput
    input_Value = [round(double(request.args['minLat']), degreeRound), round(double(request.args['minLon']), degreeRound), round(double(request.args['maxLat']), degreeRound), round(double(request.args['maxLon']), degreeRound)]
NameError: name 'double' is not defined
2019-07-12 17:47:00,763 System arguements invalid ImmutableMultiDict([('minLon', '-77.6258'), ('minLat', '37.4054'), ('maxLon', '-77.4417'), ('maxLat', '37.6686'), ('level', 'primary')])
Traceback (most recent call last):
  File "/home/nightt/flask_server/app/routes.py", line 78, in coordsInput
    input_Value = [round(double(request.args['minLat']), degreeRound), round(double(request.args['minLon']), degreeRound), round(double(request.args['maxLat']), degreeRound), round(double(request.args['maxLon']), degreeRound)]
NameError: name 'double' is not defined
2019-07-12 17:47:00,952 System arguements for hash check invalid 37.4054, -77.6358, 37.6686, -77.4517
Traceback (most recent call last):
  File "/home/nightt/flask_server/app/routes.py", line 105, in hashreturn
    loc = str(request.args['location']).lower()
  File "/usr/local/lib/python3.6/dist-packages/werkzeug/datastructures.py", line 442, in __getitem__
    raise exceptions.BadRequestKeyError(key)
werkzeug.exceptions.HTTPException.wrap.<locals>.newcls: 400 Bad Request: The browser (or proxy) sent a request that this server could not understand.

During handling of the above exception, another exception occurred:

Traceback (most recent call last):
  File "/home/nightt/flask_server/app/routes.py", line 114, in hashreturn
    input_Value = [round(double(request.args['minLat']), degreeRound), round(double(request.args['minLon']), degreeRound), round(double(request.args['maxLat']), degreeRound), round(double(request.args['maxLon']), degreeRound)]
NameError: name 'double' is not defined
2019-07-12 17:47:00,955 System arguements invalid ImmutableMultiDict([('minLon', '-77.6358'), ('minLat', '37.4054'), ('maxLon', '-77.4517'), ('maxLat', '37.6686'), ('level', 'primary')])
Traceback (most recent call last):
  File "/home/nightt/flask_server/app/routes.py", line 78, in coordsInput
    input_Value = [round(double(request.args['minLat']), degreeRound), round(double(request.args['minLon']), degreeRound), round(double(request.args['maxLat']), degreeRound), round(double(request.args['maxLon']), degreeRound)]
NameError: name 'double' is not defined
2019-07-12 17:47:00,959 System arguements invalid ImmutableMultiDict([('minLon', '-77.6358'), ('minLat', '37.4054'), ('maxLon', '-77.4517'), ('maxLat', '37.6686'), ('level', 'primary')])
Traceback (most recent call last):
  File "/home/nightt/flask_server/app/routes.py", line 78, in coordsInput
    input_Value = [round(double(request.args['minLat']), degreeRound), round(double(request.args['minLon']), degreeRound), round(double(request.args['maxLat']), degreeRound), round(double(request.args['maxLon']), degreeRound)]
NameError: name 'double' is not defined
2019-07-12 17:49:30,020 System arguements for hash check invalid dfs, -77.5058, 37.6686, -77.3217
Traceback (most recent call last):
  File "/home/nightt/flask_server/app/routes.py", line 105, in hashreturn
    loc = str(request.args['location']).lower()
  File "/usr/local/lib/python3.6/dist-packages/werkzeug/datastructures.py", line 442, in __getitem__
    raise exceptions.BadRequestKeyError(key)
werkzeug.exceptions.HTTPException.wrap.<locals>.newcls: 400 Bad Request: The browser (or proxy) sent a request that this server could not understand.

During handling of the above exception, another exception occurred:

Traceback (most recent call last):
  File "/home/nightt/flask_server/app/routes.py", line 114, in hashreturn
    input_Value = [round(float(request.args['minLat']), degreeRound), round(float(request.args['minLon']), degreeRound), round(float(request.args['maxLat']), degreeRound), round(float(request.args['maxLon']), degreeRound)]
ValueError: could not convert string to float: 'dfs'
2019-07-12 17:49:30,025 System arguements invalid ImmutableMultiDict([('minLon', '-77.5058'), ('minLat', 'dfs'), ('maxLon', '-77.3217'), ('maxLat', '37.6686'), ('level', 'primary')])
Traceback (most recent call last):
  File "/home/nightt/flask_server/app/routes.py", line 78, in coordsInput
    input_Value = [round(float(request.args['minLat']), degreeRound), round(float(request.args['minLon']), degreeRound), round(float(request.args['maxLat']), degreeRound), round(float(request.args['maxLon']), degreeRound)]
ValueError: could not convert string to float: 'dfs'
2019-07-12 17:49:30,028 System arguements invalid ImmutableMultiDict([('minLon', '-77.5058'), ('minLat', 'dfs'), ('maxLon', '-77.3217'), ('maxLat', '37.6686'), ('level', 'primary')])
Traceback (most recent call last):
  File "/home/nightt/flask_server/app/routes.py", line 78, in coordsInput
    input_Value = [round(float(request.args['minLat']), degreeRound), round(float(request.args['minLon']), degreeRound), round(float(request.args['maxLat']), degreeRound), round(float(request.args['maxLon']), degreeRound)]
ValueError: could not convert string to float: 'dfs'
2019-07-12 17:49:30,467 -----------------------------------------------------------------
2019-07-12 17:49:30,467 Requester: 127.0.0.1
2019-07-12 17:49:30,467 Hash checking for map with bounds: 37.4054, -77.5158, 37.6686, -77.3317
2019-07-12 17:49:30,467 Hash value found: a9db0ab5e4d0790b1185ac8c41ca5f43
2019-07-12 17:49:30,474 -----------------------------------------------------------------
2019-07-12 17:49:30,474 Requester: 127.0.0.1
2019-07-12 17:49:30,474 Script started with Box: 37.4054, -77.5158, 37.6686, -77.3317 bounds
2019-07-12 17:49:30,474 Script using street detail level of: primary
2019-07-12 17:49:30,474 The map was found in the servers map storage
2019-07-12 17:49:30,621 -----------------------------------------------------------------
2019-07-12 17:49:30,621 Requester: 127.0.0.1
2019-07-12 17:49:30,621 Hash checking for map with bounds: 37.4054, -77.5158, 37.6686, -77.3317
2019-07-12 17:49:30,621 Hash value found: a9db0ab5e4d0790b1185ac8c41ca5f43
2019-07-12 17:49:30,981 -----------------------------------------------------------------
2019-07-12 17:49:30,981 Requester: 127.0.0.1
2019-07-12 17:49:30,981 Hash checking for map with bounds: 37.4054, -77.5258, 37.6686, -77.3417
2019-07-12 17:49:30,982 Hash value found: 85653cf55a3a2cac3adda54a5035b725
2019-07-12 17:49:30,988 -----------------------------------------------------------------
2019-07-12 17:49:30,988 Requester: 127.0.0.1
2019-07-12 17:49:30,988 Script started with Box: 37.4054, -77.5258, 37.6686, -77.3417 bounds
2019-07-12 17:49:30,988 Script using street detail level of: primary
2019-07-12 17:49:30,988 The map was found in the servers map storage
2019-07-12 17:49:31,128 -----------------------------------------------------------------
2019-07-12 17:49:31,128 Requester: 127.0.0.1
2019-07-12 17:49:31,128 Hash checking for map with bounds: 37.4054, -77.5258, 37.6686, -77.3417
2019-07-12 17:49:31,128 Hash value found: 85653cf55a3a2cac3adda54a5035b725
2019-07-12 17:49:31,506 -----------------------------------------------------------------
2019-07-12 17:49:31,506 Requester: 127.0.0.1
2019-07-12 17:49:31,506 Hash checking for map with bounds: 37.4054, -77.5358, 37.6686, -77.3517
2019-07-12 17:49:31,506 Hash value found: f51b8f67bf21e46dd1fe777364d00632
2019-07-12 17:49:31,510 -----------------------------------------------------------------
2019-07-12 17:49:31,510 Requester: 127.0.0.1
2019-07-12 17:49:31,510 Script started with Box: 37.4054, -77.5358, 37.6686, -77.3517 bounds
2019-07-12 17:49:31,510 Script using street detail level of: primary
2019-07-12 17:49:31,510 The map was found in the servers map storage
2019-07-12 17:49:31,595 -----------------------------------------------------------------
2019-07-12 17:49:31,595 Requester: 127.0.0.1
2019-07-12 17:49:31,595 Hash checking for map with bounds: 37.4054, -77.5358, 37.6686, -77.3517
2019-07-12 17:49:31,596 Hash value found: f51b8f67bf21e46dd1fe777364d00632
2019-07-12 17:49:31,916 -----------------------------------------------------------------
2019-07-12 17:49:31,916 Requester: 127.0.0.1
2019-07-12 17:49:31,916 Hash checking for map with bounds: 37.4054, -77.5458, 37.6686, -77.3617
2019-07-12 17:49:31,917 Hash value found: 9c461c2a9fac727c5d66938d00b58d29
2019-07-12 17:49:31,920 -----------------------------------------------------------------
2019-07-12 17:49:31,920 Requester: 127.0.0.1
2019-07-12 17:49:31,920 Script started with Box: 37.4054, -77.5458, 37.6686, -77.3617 bounds
2019-07-12 17:49:31,920 Script using street detail level of: primary
2019-07-12 17:49:31,920 The map was found in the servers map storage
2019-07-12 17:49:32,017 -----------------------------------------------------------------
2019-07-12 17:49:32,018 Requester: 127.0.0.1
2019-07-12 17:49:32,020 Hash checking for map with bounds: 37.4054, -77.5458, 37.6686, -77.3617
2019-07-12 17:49:32,020 Hash value found: 9c461c2a9fac727c5d66938d00b58d29
2019-07-12 17:49:32,362 -----------------------------------------------------------------
2019-07-12 17:49:32,362 Requester: 127.0.0.1
2019-07-12 17:49:32,362 Hash checking for map with bounds: 37.4054, -77.5558, 37.6686, -77.3717
2019-07-12 17:49:32,365 -----------------------------------------------------------------
2019-07-12 17:49:32,365 Requester: 127.0.0.1
2019-07-12 17:49:32,366 Script started with Box: 37.4054, -77.5558, 37.6686, -77.3717 bounds
2019-07-12 17:49:32,366 Script using street detail level of: primary
2019-07-12 17:49:32,366 Converting 37.4054, -77.5558, 37.6686, -77.3717 map to .o5m
2019-07-12 17:49:42,046 Map Successfully Converted to .o5m in: 9.680175542831421
2019-07-12 17:49:42,046 Starting osmfilter on app/o5m_Temp.o5m with filter command level primary
2019-07-12 17:49:42,104 Filtering Complete in: 0.05711483955383301
2019-07-12 17:49:42,104 Starting OSM to Adj Convert on app/xml_Temp.xml
2019-07-12 17:49:42,469 OSM to Adj complete in: : 0.36472630500793457
2019-07-12 17:49:42,524 Hash: 9588323079eec4bed530affbd750c938
2019-07-12 17:49:42,525 Map file created with bounds: [37.4054, -77.5558, 37.6686, -77.3717] in 0.42098188400268555 seconds
2019-07-12 17:49:42,583 -----------------------------------------------------------------
2019-07-12 17:49:42,583 Requester: 127.0.0.1
2019-07-12 17:49:42,584 Hash checking for map with bounds: 37.4054, -77.5558, 37.6686, -77.3717
2019-07-12 17:49:42,584 Hash value found: 9588323079eec4bed530affbd750c938
2019-07-12 17:49:42,918 -----------------------------------------------------------------
2019-07-12 17:49:42,918 Requester: 127.0.0.1
2019-07-12 17:49:42,919 Hash checking for map with bounds: 37.4054, -77.5658, 37.6686, -77.3817
2019-07-12 17:49:42,922 -----------------------------------------------------------------
2019-07-12 17:49:42,922 Requester: 127.0.0.1
2019-07-12 17:49:42,922 Script started with Box: 37.4054, -77.5658, 37.6686, -77.3817 bounds
2019-07-12 17:49:42,922 Script using street detail level of: primary
2019-07-12 17:49:42,922 Converting 37.4054, -77.5658, 37.6686, -77.3817 map to .o5m
2019-07-12 17:49:52,428 Map Successfully Converted to .o5m in: 9.505211591720581
2019-07-12 17:49:52,428 Starting osmfilter on app/o5m_Temp.o5m with filter command level primary
2019-07-12 17:49:52,485 Filtering Complete in: 0.057250022888183594
2019-07-12 17:49:52,486 Starting OSM to Adj Convert on app/xml_Temp.xml
2019-07-12 17:49:52,852 OSM to Adj complete in: : 0.3656432628631592
2019-07-12 17:49:52,908 Hash: e20602e7b3cabf100e04ae4648f67df6
2019-07-12 17:49:52,910 Map file created with bounds: [37.4054, -77.5658, 37.6686, -77.3817] in 0.42359328269958496 seconds
2019-07-12 17:49:52,974 -----------------------------------------------------------------
2019-07-12 17:49:52,974 Requester: 127.0.0.1
2019-07-12 17:49:52,974 Hash checking for map with bounds: 37.4054, -77.5658, 37.6686, -77.3817
2019-07-12 17:49:52,975 Hash value found: e20602e7b3cabf100e04ae4648f67df6
2019-07-12 17:49:53,283 -----------------------------------------------------------------
2019-07-12 17:49:53,283 Requester: 127.0.0.1
2019-07-12 17:49:53,283 Hash checking for map with bounds: 37.4054, -77.5758, 37.6686, -77.3917
2019-07-12 17:49:53,287 -----------------------------------------------------------------
2019-07-12 17:49:53,287 Requester: 127.0.0.1
2019-07-12 17:49:53,287 Script started with Box: 37.4054, -77.5758, 37.6686, -77.3917 bounds
2019-07-12 17:49:53,287 Script using street detail level of: primary
2019-07-12 17:49:53,287 Converting 37.4054, -77.5758, 37.6686, -77.3917 map to .o5m
2019-07-12 17:50:02,789 Map Successfully Converted to .o5m in: 9.501757860183716
2019-07-12 17:50:02,789 Starting osmfilter on app/o5m_Temp.o5m with filter command level primary
2019-07-12 17:50:02,847 Filtering Complete in: 0.05790543556213379
2019-07-12 17:50:02,848 Starting OSM to Adj Convert on app/xml_Temp.xml
2019-07-12 17:50:03,229 OSM to Adj complete in: : 0.3810405731201172
2019-07-12 17:50:03,287 Hash: 44ee390e4cbfbd6319957bff139139b4
2019-07-12 17:50:03,289 Map file created with bounds: [37.4054, -77.5758, 37.6686, -77.3917] in 0.4408087730407715 seconds
2019-07-12 17:50:03,351 -----------------------------------------------------------------
2019-07-12 17:50:03,352 Requester: 127.0.0.1
2019-07-12 17:50:03,352 Hash checking for map with bounds: 37.4054, -77.5758, 37.6686, -77.3917
2019-07-12 17:50:03,353 Hash value found: 44ee390e4cbfbd6319957bff139139b4
2019-07-12 17:50:03,670 -----------------------------------------------------------------
2019-07-12 17:50:03,670 Requester: 127.0.0.1
2019-07-12 17:50:03,670 Hash checking for map with bounds: 37.4054, -77.5858, 37.6686, -77.4017
2019-07-12 17:50:03,674 -----------------------------------------------------------------
2019-07-12 17:50:03,674 Requester: 127.0.0.1
2019-07-12 17:50:03,674 Script started with Box: 37.4054, -77.5858, 37.6686, -77.4017 bounds
2019-07-12 17:50:03,674 Script using street detail level of: primary
2019-07-12 17:50:03,674 Converting 37.4054, -77.5858, 37.6686, -77.4017 map to .o5m
2019-07-12 17:50:13,283 Map Successfully Converted to .o5m in: 9.608877420425415
2019-07-12 17:50:13,284 Starting osmfilter on app/o5m_Temp.o5m with filter command level primary
2019-07-12 17:50:13,348 Filtering Complete in: 0.06457209587097168
2019-07-12 17:50:13,349 Starting OSM to Adj Convert on app/xml_Temp.xml
2019-07-12 17:50:13,891 OSM to Adj complete in: : 0.5420551300048828
2019-07-12 17:50:13,960 Hash: 8f0c8a9ad9388896f3a644ffdaa9f76c
2019-07-12 17:50:13,963 Map file created with bounds: [37.4054, -77.5858, 37.6686, -77.4017] in 0.6135892868041992 seconds
2019-07-12 17:51:24,795 -----------------------------------------------------------------
2019-07-12 17:51:24,795 Requester: 127.0.0.1
2019-07-12 17:51:24,795 Hash checking for map with bounds: 37.4054, -77.5158, 37.6686, -77.3317
2019-07-12 17:51:24,795 Hash value found: a9db0ab5e4d0790b1185ac8c41ca5f43
2019-07-12 17:51:25,002 -----------------------------------------------------------------
2019-07-12 17:51:25,002 Requester: 127.0.0.1
2019-07-12 17:51:25,002 Hash checking for map with bounds: 37.4054, -77.5258, 37.6686, -77.3417
2019-07-12 17:51:25,002 Hash value found: 85653cf55a3a2cac3adda54a5035b725
2019-07-12 17:51:25,281 -----------------------------------------------------------------
2019-07-12 17:51:25,281 Requester: 127.0.0.1
2019-07-12 17:51:25,281 Hash checking for map with bounds: 37.4054, -77.5358, 37.6686, -77.3517
2019-07-12 17:51:25,281 Hash value found: f51b8f67bf21e46dd1fe777364d00632
2019-07-12 17:51:25,559 -----------------------------------------------------------------
2019-07-12 17:51:25,559 Requester: 127.0.0.1
2019-07-12 17:51:25,559 Hash checking for map with bounds: 37.4054, -77.5458, 37.6686, -77.3617
2019-07-12 17:51:25,559 Hash value found: 9c461c2a9fac727c5d66938d00b58d29
2019-07-12 17:51:25,821 -----------------------------------------------------------------
2019-07-12 17:51:25,821 Requester: 127.0.0.1
2019-07-12 17:51:25,822 Hash checking for map with bounds: 37.4054, -77.5558, 37.6686, -77.3717
2019-07-12 17:51:25,822 Hash value found: 9588323079eec4bed530affbd750c938
2019-07-12 17:51:26,087 -----------------------------------------------------------------
2019-07-12 17:51:26,087 Requester: 127.0.0.1
2019-07-12 17:51:26,087 Hash checking for map with bounds: 37.4054, -77.5658, 37.6686, -77.3817
2019-07-12 17:51:26,087 Hash value found: e20602e7b3cabf100e04ae4648f67df6
2019-07-12 17:51:26,330 -----------------------------------------------------------------
2019-07-12 17:51:26,331 Requester: 127.0.0.1
2019-07-12 17:51:26,331 Hash checking for map with bounds: 37.4054, -77.5758, 37.6686, -77.3917
2019-07-12 17:51:26,331 Hash value found: 44ee390e4cbfbd6319957bff139139b4
2019-07-12 17:51:26,605 -----------------------------------------------------------------
2019-07-12 17:51:26,606 Requester: 127.0.0.1
2019-07-12 17:51:26,606 Hash checking for map with bounds: 37.4054, -77.5858, 37.6686, -77.4017
2019-07-12 17:51:26,606 Hash value found: 8f0c8a9ad9388896f3a644ffdaa9f76c
2019-07-12 17:51:26,618 -----------------------------------------------------------------
2019-07-12 17:51:26,618 Requester: 127.0.0.1
2019-07-12 17:51:26,618 Script started with Box: 37.4054, -77.5858, 37.6686, -77.4017 bounds
2019-07-12 17:51:26,619 Script using street detail level of: primary
2019-07-12 17:51:26,619 The map was found in the servers map storage
2019-07-12 17:51:26,687 -----------------------------------------------------------------
2019-07-12 17:51:26,687 Requester: 127.0.0.1
2019-07-12 17:51:26,687 Hash checking for map with bounds: 37.4054, -77.5858, 37.6686, -77.4017
2019-07-12 17:51:26,688 Hash value found: 8f0c8a9ad9388896f3a644ffdaa9f76c
2019-07-12 17:51:27,001 -----------------------------------------------------------------
2019-07-12 17:51:27,001 Requester: 127.0.0.1
2019-07-12 17:51:27,001 Hash checking for map with bounds: 37.4054, -77.5958, 37.6686, -77.4117
2019-07-12 17:51:27,005 -----------------------------------------------------------------
2019-07-12 17:51:27,005 Requester: 127.0.0.1
2019-07-12 17:51:27,005 Script started with Box: 37.4054, -77.5958, 37.6686, -77.4117 bounds
2019-07-12 17:51:27,005 Script using street detail level of: primary
2019-07-12 17:51:27,005 Converting 37.4054, -77.5958, 37.6686, -77.4117 map to .o5m
2019-07-12 17:51:37,434 Map Successfully Converted to .o5m in: 10.428173065185547
2019-07-12 17:51:37,437 Starting osmfilter on app/o5m_Temp.o5m with filter command level primary
2019-07-12 17:51:37,564 Filtering Complete in: 0.1268904209136963
2019-07-12 17:51:37,564 Starting OSM to Adj Convert on app/xml_Temp.xml
2019-07-12 17:51:37,964 OSM to Adj complete in: : 0.3997647762298584
2019-07-12 17:51:38,035 Hash: 94925f04944839b6c93dc190466d4a31
2019-07-12 17:51:38,037 Map file created with bounds: [37.4054, -77.5958, 37.6686, -77.4117] in 0.4728353023529053 seconds
2019-07-12 17:53:16,410 -----------------------------------------------------------------
2019-07-12 17:53:16,410 Requester: 127.0.0.1
2019-07-12 17:53:16,410 Hash checking for map with bounds: 37.4054, -77.5158, 37.6686, -77.3317
2019-07-12 17:53:16,410 Hash value found: a9db0ab5e4d0790b1185ac8c41ca5f43
2019-07-12 17:53:16,621 -----------------------------------------------------------------
2019-07-12 17:53:16,621 Requester: 127.0.0.1
2019-07-12 17:53:16,621 Hash checking for map with bounds: 37.4054, -77.5258, 37.6686, -77.3417
2019-07-12 17:53:16,621 Hash value found: 85653cf55a3a2cac3adda54a5035b725
2019-07-12 17:53:16,950 -----------------------------------------------------------------
2019-07-12 17:53:16,950 Requester: 127.0.0.1
2019-07-12 17:53:16,950 Hash checking for map with bounds: 37.4054, -77.5358, 37.6686, -77.3517
2019-07-12 17:53:16,950 Hash value found: f51b8f67bf21e46dd1fe777364d00632
2019-07-12 17:53:17,352 -----------------------------------------------------------------
2019-07-12 17:53:17,353 Requester: 127.0.0.1
2019-07-12 17:53:17,353 Hash checking for map with bounds: 37.4054, -77.5458, 37.6686, -77.3617
2019-07-12 17:53:17,354 Hash value found: 9c461c2a9fac727c5d66938d00b58d29
2019-07-12 17:53:17,734 -----------------------------------------------------------------
2019-07-12 17:53:17,734 Requester: 127.0.0.1
2019-07-12 17:53:17,735 Hash checking for map with bounds: 37.4054, -77.5558, 37.6686, -77.3717
2019-07-12 17:53:17,735 Hash value found: 9588323079eec4bed530affbd750c938
2019-07-12 17:53:18,108 -----------------------------------------------------------------
2019-07-12 17:53:18,109 Requester: 127.0.0.1
2019-07-12 17:53:18,109 Hash checking for map with bounds: 37.4054, -77.5658, 37.6686, -77.3817
2019-07-12 17:53:18,109 Hash value found: e20602e7b3cabf100e04ae4648f67df6
2019-07-12 17:53:18,373 -----------------------------------------------------------------
2019-07-12 17:53:18,373 Requester: 127.0.0.1
2019-07-12 17:53:18,373 Hash checking for map with bounds: 37.4054, -77.5758, 37.6686, -77.3917
2019-07-12 17:53:18,373 Hash value found: 44ee390e4cbfbd6319957bff139139b4
2019-07-12 17:53:18,688 -----------------------------------------------------------------
2019-07-12 17:53:18,688 Requester: 127.0.0.1
2019-07-12 17:53:18,689 Hash checking for map with bounds: 37.4054, -77.5858, 37.6686, -77.4017
2019-07-12 17:53:18,689 Hash value found: 8f0c8a9ad9388896f3a644ffdaa9f76c
2019-07-12 17:53:18,875 -----------------------------------------------------------------
2019-07-12 17:53:18,875 Requester: 127.0.0.1
2019-07-12 17:53:18,875 Hash checking for map with bounds: 37.4054, -77.5158, 37.6686, -77.3317
2019-07-12 17:53:18,876 Hash value found: a9db0ab5e4d0790b1185ac8c41ca5f43
2019-07-12 17:53:19,017 -----------------------------------------------------------------
2019-07-12 17:53:19,017 Requester: 127.0.0.1
2019-07-12 17:53:19,017 Hash checking for map with bounds: 37.4054, -77.5958, 37.6686, -77.4117
2019-07-12 17:53:19,017 Hash value found: 94925f04944839b6c93dc190466d4a31
2019-07-12 17:53:19,022 -----------------------------------------------------------------
2019-07-12 17:53:19,022 Requester: 127.0.0.1
2019-07-12 17:53:19,022 Script started with Box: 37.4054, -77.5958, 37.6686, -77.4117 bounds
2019-07-12 17:53:19,023 Script using street detail level of: primary
2019-07-12 17:53:19,023 The map was found in the servers map storage
2019-07-12 17:53:19,103 -----------------------------------------------------------------
2019-07-12 17:53:19,104 Requester: 127.0.0.1
2019-07-12 17:53:19,104 Hash checking for map with bounds: 37.4054, -77.5958, 37.6686, -77.4117
2019-07-12 17:53:19,104 Hash value found: 94925f04944839b6c93dc190466d4a31
2019-07-12 17:53:19,161 -----------------------------------------------------------------
2019-07-12 17:53:19,161 Requester: 127.0.0.1
2019-07-12 17:53:19,162 Hash checking for map with bounds: 37.4054, -77.5258, 37.6686, -77.3417
2019-07-12 17:53:19,162 Hash value found: 85653cf55a3a2cac3adda54a5035b725
2019-07-12 17:53:19,526 -----------------------------------------------------------------
2019-07-12 17:53:19,526 Requester: 127.0.0.1
2019-07-12 17:53:19,526 Hash checking for map with bounds: 37.4054, -77.6058, 37.6686, -77.4217
2019-07-12 17:53:19,532 -----------------------------------------------------------------
2019-07-12 17:53:19,533 Requester: 127.0.0.1
2019-07-12 17:53:19,533 Script started with Box: 37.4054, -77.6058, 37.6686, -77.4217 bounds
2019-07-12 17:53:19,533 Script using street detail level of: primary
2019-07-12 17:53:19,533 Converting 37.4054, -77.6058, 37.6686, -77.4217 map to .o5m
2019-07-12 17:53:19,548 -----------------------------------------------------------------
2019-07-12 17:53:19,548 Requester: 127.0.0.1
2019-07-12 17:53:19,548 Hash checking for map with bounds: 37.4054, -77.5358, 37.6686, -77.3517
2019-07-12 17:53:19,548 Hash value found: f51b8f67bf21e46dd1fe777364d00632
2019-07-12 17:53:19,922 -----------------------------------------------------------------
2019-07-12 17:53:19,922 Requester: 127.0.0.1
2019-07-12 17:53:19,922 Hash checking for map with bounds: 37.4054, -77.5458, 37.6686, -77.3617
2019-07-12 17:53:19,923 Hash value found: 9c461c2a9fac727c5d66938d00b58d29
2019-07-12 17:53:20,279 -----------------------------------------------------------------
2019-07-12 17:53:20,279 Requester: 127.0.0.1
2019-07-12 17:53:20,280 Hash checking for map with bounds: 37.4054, -77.5558, 37.6686, -77.3717
2019-07-12 17:53:20,280 Hash value found: 9588323079eec4bed530affbd750c938
2019-07-12 17:53:20,550 -----------------------------------------------------------------
2019-07-12 17:53:20,550 Requester: 127.0.0.1
2019-07-12 17:53:20,550 Hash checking for map with bounds: 37.4054, -77.5658, 37.6686, -77.3817
2019-07-12 17:53:20,550 Hash value found: e20602e7b3cabf100e04ae4648f67df6
2019-07-12 17:53:20,819 -----------------------------------------------------------------
2019-07-12 17:53:20,819 Requester: 127.0.0.1
2019-07-12 17:53:20,820 Hash checking for map with bounds: 37.4054, -77.5758, 37.6686, -77.3917
2019-07-12 17:53:20,820 Hash value found: 44ee390e4cbfbd6319957bff139139b4
2019-07-12 17:53:21,109 -----------------------------------------------------------------
2019-07-12 17:53:21,110 Requester: 127.0.0.1
2019-07-12 17:53:21,110 Hash checking for map with bounds: 37.4054, -77.5858, 37.6686, -77.4017
2019-07-12 17:53:21,110 Hash value found: 8f0c8a9ad9388896f3a644ffdaa9f76c
2019-07-12 17:53:21,385 -----------------------------------------------------------------
2019-07-12 17:53:21,385 Requester: 127.0.0.1
2019-07-12 17:53:21,385 Hash checking for map with bounds: 37.4054, -77.5958, 37.6686, -77.4117
2019-07-12 17:53:21,386 Hash value found: 94925f04944839b6c93dc190466d4a31
2019-07-12 17:53:21,690 -----------------------------------------------------------------
2019-07-12 17:53:21,691 Requester: 127.0.0.1
2019-07-12 17:53:21,691 Hash checking for map with bounds: 37.4054, -77.6058, 37.6686, -77.4217
2019-07-12 17:53:21,694 -----------------------------------------------------------------
2019-07-12 17:53:21,694 Requester: 127.0.0.1
2019-07-12 17:53:21,694 Script started with Box: 37.4054, -77.6058, 37.6686, -77.4217 bounds
2019-07-12 17:53:21,694 Script using street detail level of: primary
2019-07-12 17:53:21,695 Converting 37.4054, -77.6058, 37.6686, -77.4217 map to .o5m
2019-07-12 17:53:30,070 Map Successfully Converted to .o5m in: 10.536973476409912
2019-07-12 17:53:30,071 Starting osmfilter on app/o5m_Temp.o5m with filter command level primary
2019-07-12 17:53:30,130 Filtering Complete in: 0.05940604209899902
2019-07-12 17:53:30,131 Starting OSM to Adj Convert on app/xml_Temp.xml
2019-07-12 17:53:30,566 OSM to Adj complete in: : 0.43489885330200195
2019-07-12 17:53:30,625 Hash: 14c5581d8519c44d225bd16f4fa97af1
2019-07-12 17:53:30,627 Map file created with bounds: [37.4054, -77.6058, 37.6686, -77.4217] in 0.49657583236694336 seconds
2019-07-12 17:53:30,696 -----------------------------------------------------------------
2019-07-12 17:53:30,696 Requester: 127.0.0.1
2019-07-12 17:53:30,696 Hash checking for map with bounds: 37.4054, -77.6058, 37.6686, -77.4217
2019-07-12 17:53:30,696 Hash value found: 14c5581d8519c44d225bd16f4fa97af1
2019-07-12 17:53:31,069 -----------------------------------------------------------------
2019-07-12 17:53:31,069 Requester: 127.0.0.1
2019-07-12 17:53:31,069 Hash checking for map with bounds: 37.4054, -77.6158, 37.6686, -77.4317
2019-07-12 17:53:31,074 -----------------------------------------------------------------
2019-07-12 17:53:31,074 Requester: 127.0.0.1
2019-07-12 17:53:31,074 Script started with Box: 37.4054, -77.6158, 37.6686, -77.4317 bounds
2019-07-12 17:53:31,074 Script using street detail level of: primary
2019-07-12 17:53:31,074 Converting 37.4054, -77.6158, 37.6686, -77.4317 map to .o5m
2019-07-12 17:53:31,982 Map Successfully Converted to .o5m in: 10.287122249603271
2019-07-12 17:53:31,982 Starting osmfilter on app/o5m_Temp.o5m with filter command level primary
2019-07-12 17:53:32,000 Filtering Complete in: 0.017953872680664062
2019-07-12 17:53:32,001 Starting OSM to Adj Convert on app/xml_Temp.xml
2019-07-12 17:53:32,011 -----------------------------------------------------------------
2019-07-12 17:53:32,012 Requester: 127.0.0.1
2019-07-12 17:53:32,012 Script started with Box: 37.4054, -77.6058, 37.6686, -77.4217 bounds
2019-07-12 17:53:32,012 Script using street detail level of: primary
2019-07-12 17:53:32,012 The map was found in the servers map storage
2019-07-12 17:53:32,143 -----------------------------------------------------------------
2019-07-12 17:53:32,143 Requester: 127.0.0.1
2019-07-12 17:53:32,144 Hash checking for map with bounds: 37.4054, -77.6058, 37.6686, -77.4217
2019-07-12 17:53:32,144 Hash value found: 14c5581d8519c44d225bd16f4fa97af1
2019-07-12 17:53:32,501 -----------------------------------------------------------------
2019-07-12 17:53:32,502 Requester: 127.0.0.1
2019-07-12 17:53:32,502 Hash checking for map with bounds: 37.4054, -77.6158, 37.6686, -77.4317
2019-07-12 17:53:32,505 -----------------------------------------------------------------
2019-07-12 17:53:32,505 Requester: 127.0.0.1
2019-07-12 17:53:32,505 Script started with Box: 37.4054, -77.6158, 37.6686, -77.4317 bounds
2019-07-12 17:53:32,505 Script using street detail level of: primary
2019-07-12 17:53:32,505 Converting 37.4054, -77.6158, 37.6686, -77.4317 map to .o5m
2019-07-12 17:53:41,137 Map Successfully Converted to .o5m in: 10.062476396560669
2019-07-12 17:53:41,137 Starting osmfilter on app/o5m_Temp.o5m with filter command level primary
2019-07-12 17:53:41,198 Filtering Complete in: 0.06114315986633301
2019-07-12 17:53:41,199 Starting OSM to Adj Convert on app/xml_Temp.xml
2019-07-12 17:53:41,590 OSM to Adj complete in: : 0.391629695892334
2019-07-12 17:53:41,650 Hash: 70fa3139932e16f70a0d494c823e3668
2019-07-12 17:53:41,653 Map file created with bounds: [37.4054, -77.6158, 37.6686, -77.4317] in 0.4538753032684326 seconds
2019-07-12 17:53:41,730 -----------------------------------------------------------------
2019-07-12 17:53:41,730 Requester: 127.0.0.1
2019-07-12 17:53:41,730 Hash checking for map with bounds: 37.4054, -77.6158, 37.6686, -77.4317
2019-07-12 17:53:41,731 Hash value found: 70fa3139932e16f70a0d494c823e3668
2019-07-12 17:53:42,109 -----------------------------------------------------------------
2019-07-12 17:53:42,109 Requester: 127.0.0.1
2019-07-12 17:53:42,109 Hash checking for map with bounds: 37.4054, -77.6258, 37.6686, -77.4417
2019-07-12 17:53:42,113 -----------------------------------------------------------------
2019-07-12 17:53:42,113 Requester: 127.0.0.1
2019-07-12 17:53:42,113 Script started with Box: 37.4054, -77.6258, 37.6686, -77.4417 bounds
2019-07-12 17:53:42,113 Script using street detail level of: primary
2019-07-12 17:53:42,113 Converting 37.4054, -77.6258, 37.6686, -77.4417 map to .o5m
2019-07-12 17:53:42,559 Map Successfully Converted to .o5m in: 10.053295850753784
2019-07-12 17:53:42,559 Starting osmfilter on app/o5m_Temp.o5m with filter command level primary
2019-07-12 17:53:42,577 Filtering Complete in: 0.018171310424804688
2019-07-12 17:53:42,578 Starting OSM to Adj Convert on app/xml_Temp.xml
2019-07-12 17:53:42,583 -----------------------------------------------------------------
2019-07-12 17:53:42,583 Requester: 127.0.0.1
2019-07-12 17:53:42,583 Script started with Box: 37.4054, -77.6158, 37.6686, -77.4317 bounds
2019-07-12 17:53:42,583 Script using street detail level of: primary
2019-07-12 17:53:42,584 The map was found in the servers map storage
2019-07-12 17:53:42,691 -----------------------------------------------------------------
2019-07-12 17:53:42,692 Requester: 127.0.0.1
2019-07-12 17:53:42,693 Hash checking for map with bounds: 37.4054, -77.6158, 37.6686, -77.4317
2019-07-12 17:53:42,694 Hash value found: 70fa3139932e16f70a0d494c823e3668
2019-07-12 17:53:43,078 -----------------------------------------------------------------
2019-07-12 17:53:43,078 Requester: 127.0.0.1
2019-07-12 17:53:43,078 Hash checking for map with bounds: 37.4054, -77.6258, 37.6686, -77.4417
2019-07-12 17:53:43,081 -----------------------------------------------------------------
2019-07-12 17:53:43,081 Requester: 127.0.0.1
2019-07-12 17:53:43,081 Script started with Box: 37.4054, -77.6258, 37.6686, -77.4417 bounds
2019-07-12 17:53:43,081 Script using street detail level of: primary
2019-07-12 17:53:43,082 Converting 37.4054, -77.6258, 37.6686, -77.4417 map to .o5m
2019-07-12 17:53:53,204 Map Successfully Converted to .o5m in: 11.09015965461731
2019-07-12 17:53:53,204 Starting osmfilter on app/o5m_Temp.o5m with filter command level primary
2019-07-12 17:53:53,281 Filtering Complete in: 0.07662439346313477
2019-07-12 17:53:53,286 Starting OSM to Adj Convert on app/xml_Temp.xml
2019-07-12 17:53:53,766 OSM to Adj complete in: : 0.476654052734375
2019-07-12 17:53:53,862 Hash: 7b36bf7ff0c4798ab0cfa28545cc68d3
2019-07-12 17:53:53,869 Map file created with bounds: [37.4054, -77.6258, 37.6686, -77.4417] in 0.579437255859375 seconds
2019-07-12 17:53:53,980 -----------------------------------------------------------------
2019-07-12 17:53:53,981 Requester: 127.0.0.1
2019-07-12 17:53:53,983 Hash checking for map with bounds: 37.4054, -77.6258, 37.6686, -77.4417
2019-07-12 17:53:53,985 Hash value found: 7b36bf7ff0c4798ab0cfa28545cc68d3
2019-07-12 17:53:54,213 Map Successfully Converted to .o5m in: 11.131248712539673
2019-07-12 17:53:54,213 Starting osmfilter on app/o5m_Temp.o5m with filter command level primary
2019-07-12 17:53:54,232 Filtering Complete in: 0.018432140350341797
2019-07-12 17:53:54,232 Starting OSM to Adj Convert on app/xml_Temp.xml
2019-07-12 17:53:54,239 -----------------------------------------------------------------
2019-07-12 17:53:54,239 Requester: 127.0.0.1
2019-07-12 17:53:54,239 Script started with Box: 37.4054, -77.6258, 37.6686, -77.4417 bounds
2019-07-12 17:53:54,239 Script using street detail level of: primary
2019-07-12 17:53:54,240 The map was found in the servers map storage
2019-07-12 17:53:54,380 -----------------------------------------------------------------
2019-07-12 17:53:54,380 Requester: 127.0.0.1
2019-07-12 17:53:54,380 Hash checking for map with bounds: 37.4054, -77.6258, 37.6686, -77.4417
2019-07-12 17:53:54,380 Hash value found: 7b36bf7ff0c4798ab0cfa28545cc68d3
2019-07-12 17:53:54,533 -----------------------------------------------------------------
2019-07-12 17:53:54,533 Requester: 127.0.0.1
2019-07-12 17:53:54,533 Hash checking for map with bounds: 37.4054, -77.6358, 37.6686, -77.4517
2019-07-12 17:53:54,539 -----------------------------------------------------------------
2019-07-12 17:53:54,539 Requester: 127.0.0.1
2019-07-12 17:53:54,539 Script started with Box: 37.4054, -77.6358, 37.6686, -77.4517 bounds
2019-07-12 17:53:54,540 Script using street detail level of: primary
2019-07-12 17:53:54,540 Converting 37.4054, -77.6358, 37.6686, -77.4517 map to .o5m
2019-07-12 17:53:54,997 -----------------------------------------------------------------
2019-07-12 17:53:54,997 Requester: 127.0.0.1
2019-07-12 17:53:54,997 Hash checking for map with bounds: 37.4054, -77.6358, 37.6686, -77.4517
2019-07-12 17:53:55,011 -----------------------------------------------------------------
2019-07-12 17:53:55,012 Requester: 127.0.0.1
2019-07-12 17:53:55,012 Script started with Box: 37.4054, -77.6358, 37.6686, -77.4517 bounds
2019-07-12 17:53:55,012 Script using street detail level of: primary
2019-07-12 17:53:55,012 Converting 37.4054, -77.6358, 37.6686, -77.4517 map to .o5m
2019-07-12 17:54:06,106 Map Successfully Converted to .o5m in: 11.566020965576172
2019-07-12 17:54:06,106 Starting osmfilter on app/o5m_Temp.o5m with filter command level primary
2019-07-12 17:54:06,172 Filtering Complete in: 0.06588053703308105
2019-07-12 17:54:06,173 Starting OSM to Adj Convert on app/xml_Temp.xml
2019-07-12 17:54:06,505 Map Successfully Converted to .o5m in: 11.493147373199463
2019-07-12 17:54:06,510 Starting osmfilter on app/o5m_Temp.o5m with filter command level primary
2019-07-12 17:54:06,621 Filtering Complete in: 0.11033868789672852
2019-07-12 17:54:06,648 Starting OSM to Adj Convert on app/xml_Temp.xml
2019-07-12 17:54:06,671 OSM to Adj complete in: : 0.4976155757904053
2019-07-12 17:54:07,127 OSM to Adj complete in: : 0.47435736656188965
2019-07-12 17:54:07,140 Hash: 8c719270b3f797e10b10f5799dea62d2
2019-07-12 17:54:07,142 Map file created with bounds: [37.4054, -77.6358, 37.6686, -77.4517] in 0.9686636924743652 seconds
